<?xml version="1.0" encoding="UTF-8"?>
<!-- Generated by org.testng.reporters.JUnitXMLReporter -->
<testsuite ignored="0" hostname="DESKTOP-JSGTNCE" failures="0" tests="4" name="TestProject with chrome: Place Order" time="78.685" errors="0" timestamp="2025-04-10T10:42:56 ICT">
  <testcase classname="automation.testsuite.TestSignUp" name="signUp_emtyFullName" time="7.039"/>
  <testcase classname="automation.testsuite.TestSignUp" name="signUp_emtyFullNameBySpace" time="7.356"/>
  <testcase classname="automation.testsuite.TestSignUp" name="signUpSuccessfully" time="17.748"/>
  <testcase classname="automation.testsuite.TestSignUp" name="signUpSuccessfullySpecialCharacterFullName_1" time="17.538"/>
</testsuite> <!-- TestProject with chrome: Place Order -->
