<?xml version="1.0" encoding="UTF-8"?>
<!-- Generated by org.testng.reporters.JUnitXMLReporter -->
<testsuite ignored="0" hostname="DESKTOP-JSGTNCE" failures="5" tests="13" name="TestProject with Android: Babylon Nexus" time="281.793" errors="0" timestamp="2025-04-10T16:46:33 ICT">
  <testcase classname="automation.testsuite.TestSignUp" name="signUp_emtyFullName" time="11.676"/>
  <testcase classname="automation.testsuite.TestSignUp" name="signUp_emtyFullNameBySpace" time="11.865"/>
  <testcase classname="automation.testsuite.TestSignUp" name="signUpSuccessfully" time="23.062"/>
  <testcase classname="automation.testsuite.TestSignUp" name="signUpSuccessfullySpecialCharacterFullName_1" time="16.82">
    <failure type="org.openqa.selenium.WebDriverException" message="An unknown server-side error occurred while processing the command. Original error: Could not proxy command to the remote server. Original error: socket hang up
Build info: version: &amp;apos;4.31.0&amp;apos;, revision: &amp;apos;1ef9f18787*&amp;apos;
System info: os.name: &amp;apos;Windows 10&amp;apos;, os.arch: &amp;apos;amd64&amp;apos;, os.version: &amp;apos;10.0&amp;apos;, java.version: &amp;apos;21.0.6&amp;apos;
Driver info: io.appium.java_client.android.AndroidDriver
Command: [823a4b9d-25fd-4881-bfe2-1f35322433e4, clickElement {id=00000000-0000-0883-0000-001f00000003}]
Capabilities {appium:appActivity: com.example.babylon_nexus.M..., appium:appPackage: com.example.babylon_nexus, appium:automationName: UiAutomator2, appium:databaseEnabled: false, appium:desired: {appActivity: com.example.babylon_nexus.M..., appPackage: com.example.babylon_nexus, automationName: UiAutomator2, deviceName: Android Device, noReset: true, platformName: ANDROID, udid: 2b2935095b3f7ece}, appium:deviceApiLevel: 29, appium:deviceManufacturer: samsung, appium:deviceModel: SM-N960F, appium:deviceName: 2b2935095b3f7ece, appium:deviceScreenDensity: 420, appium:deviceScreenSize: 1080x2220, appium:deviceUDID: 2b2935095b3f7ece, appium:javascriptEnabled: true, appium:locationContextEnabled: false, appium:networkConnectionEnabled: true, appium:noReset: true, appium:pixelRatio: 2.625, appium:platformVersion: 10, appium:statBarHeight: 63, appium:takesScreenshot: true, appium:udid: 2b2935095b3f7ece, appium:viewportRect: {height: 2157, left: 0, top: 63, width: 1080}, appium:warnings: {}, appium:webStorageEnabled: false, platformName: ANDROID}
Element: [[AndroidDriver:  on ANDROID (823a4b9d-25fd-4881-bfe2-1f35322433e4)] -&amp;gt; xpath: //android.widget.FrameLayout[@resource-id=&amp;quot;android:id/content&amp;quot;]/android.widget.FrameLayout/android.view.View/android.view.View/android.view.View/android.widget.RadioButton[2]]
Session ID: 823a4b9d-25fd-4881-bfe2-1f35322433e4">
      <![CDATA[org.openqa.selenium.WebDriverException: An unknown server-side error occurred while processing the command. Original error: Could not proxy command to the remote server. Original error: socket hang up
Build info: version: '4.31.0', revision: '1ef9f18787*'
System info: os.name: 'Windows 10', os.arch: 'amd64', os.version: '10.0', java.version: '21.0.6'
Driver info: io.appium.java_client.android.AndroidDriver
Command: [823a4b9d-25fd-4881-bfe2-1f35322433e4, clickElement {id=00000000-0000-0883-0000-001f00000003}]
Capabilities {appium:appActivity: com.example.babylon_nexus.M..., appium:appPackage: com.example.babylon_nexus, appium:automationName: UiAutomator2, appium:databaseEnabled: false, appium:desired: {appActivity: com.example.babylon_nexus.M..., appPackage: com.example.babylon_nexus, automationName: UiAutomator2, deviceName: Android Device, noReset: true, platformName: ANDROID, udid: 2b2935095b3f7ece}, appium:deviceApiLevel: 29, appium:deviceManufacturer: samsung, appium:deviceModel: SM-N960F, appium:deviceName: 2b2935095b3f7ece, appium:deviceScreenDensity: 420, appium:deviceScreenSize: 1080x2220, appium:deviceUDID: 2b2935095b3f7ece, appium:javascriptEnabled: true, appium:locationContextEnabled: false, appium:networkConnectionEnabled: true, appium:noReset: true, appium:pixelRatio: 2.625, appium:platformVersion: 10, appium:statBarHeight: 63, appium:takesScreenshot: true, appium:udid: 2b2935095b3f7ece, appium:viewportRect: {height: 2157, left: 0, top: 63, width: 1080}, appium:warnings: {}, appium:webStorageEnabled: false, platformName: ANDROID}
Element: [[AndroidDriver:  on ANDROID (823a4b9d-25fd-4881-bfe2-1f35322433e4)] -> xpath: //android.widget.FrameLayout[@resource-id="android:id/content"]/android.widget.FrameLayout/android.view.View/android.view.View/android.view.View/android.widget.RadioButton[2]]
Session ID: 823a4b9d-25fd-4881-bfe2-1f35322433e4
at org.openqa.selenium.remote.ErrorCodec.decode(ErrorCodec.java:167)
at org.openqa.selenium.remote.codec.w3c.W3CHttpResponseCodec.decode(W3CHttpResponseCodec.java:138)
at org.openqa.selenium.remote.codec.w3c.W3CHttpResponseCodec.decode(W3CHttpResponseCodec.java:50)
at org.openqa.selenium.remote.HttpCommandExecutor.execute(HttpCommandExecutor.java:215)
at io.appium.java_client.remote.AppiumCommandExecutor.execute(AppiumCommandExecutor.java:243)
at org.openqa.selenium.remote.RemoteWebDriver.execute(RemoteWebDriver.java:545)
at org.openqa.selenium.remote.RemoteWebElement.execute(RemoteWebElement.java:223)
at org.openqa.selenium.remote.RemoteWebElement.click(RemoteWebElement.java:76)
at automation.common.CommonBase.clickToElement(CommonBase.java:62)
at automation.screenLocators.SignupScreen.SignUpElectricianOccupation(SignupScreen.java:39)
at automation.testsuite.TestSignUp.signUpSuccessfullySpecialCharacterFullName_1(TestSignUp.java:94)
at java.base/java.util.ArrayList.forEach(ArrayList.java:1596)
... Removed 28 stack frames]]>
    </failure>
  </testcase> <!-- signUpSuccessfullySpecialCharacterFullName_1 -->
  <testcase classname="automation.testsuite.TestSignUp" name="signUpSuccessfullySpecialCharacterFullName_2" time="13.312">
    <failure type="org.openqa.selenium.WebDriverException" message="An unknown server-side error occurred while processing the command. Original error: &amp;apos;POST /element&amp;apos; cannot be proxied to UiAutomator2 server because the instrumentation process is not running (probably crashed). Check the server log and/or the logcat output for more details
Build info: version: &amp;apos;4.31.0&amp;apos;, revision: &amp;apos;1ef9f18787*&amp;apos;
System info: os.name: &amp;apos;Windows 10&amp;apos;, os.arch: &amp;apos;amd64&amp;apos;, os.version: &amp;apos;10.0&amp;apos;, java.version: &amp;apos;21.0.6&amp;apos;
Driver info: io.appium.java_client.android.AndroidDriver
Command: [0a7739ed-dbfd-4b6d-a336-dd8bb93fc005, findElement {value=//android.widget.Button[@content-desc=&amp;quot;Continue&amp;quot;], using=xpath}]
Capabilities {appium:appActivity: com.example.babylon_nexus.M..., appium:appPackage: com.example.babylon_nexus, appium:automationName: UiAutomator2, appium:databaseEnabled: false, appium:desired: {appActivity: com.example.babylon_nexus.M..., appPackage: com.example.babylon_nexus, automationName: UiAutomator2, deviceName: Android Device, noReset: true, platformName: ANDROID, udid: 2b2935095b3f7ece}, appium:deviceApiLevel: 29, appium:deviceManufacturer: samsung, appium:deviceModel: SM-N960F, appium:deviceName: 2b2935095b3f7ece, appium:deviceScreenDensity: 420, appium:deviceScreenSize: 1080x2220, appium:deviceUDID: 2b2935095b3f7ece, appium:javascriptEnabled: true, appium:locationContextEnabled: false, appium:networkConnectionEnabled: true, appium:noReset: true, appium:pixelRatio: 2.625, appium:platformVersion: 10, appium:statBarHeight: 63, appium:takesScreenshot: true, appium:udid: 2b2935095b3f7ece, appium:viewportRect: {height: 2157, left: 0, top: 63, width: 1080}, appium:warnings: {}, appium:webStorageEnabled: false, platformName: ANDROID}
Session ID: 0a7739ed-dbfd-4b6d-a336-dd8bb93fc005">
      <![CDATA[org.openqa.selenium.WebDriverException: An unknown server-side error occurred while processing the command. Original error: 'POST /element' cannot be proxied to UiAutomator2 server because the instrumentation process is not running (probably crashed). Check the server log and/or the logcat output for more details
Build info: version: '4.31.0', revision: '1ef9f18787*'
System info: os.name: 'Windows 10', os.arch: 'amd64', os.version: '10.0', java.version: '21.0.6'
Driver info: io.appium.java_client.android.AndroidDriver
Command: [0a7739ed-dbfd-4b6d-a336-dd8bb93fc005, findElement {value=//android.widget.Button[@content-desc="Continue"], using=xpath}]
Capabilities {appium:appActivity: com.example.babylon_nexus.M..., appium:appPackage: com.example.babylon_nexus, appium:automationName: UiAutomator2, appium:databaseEnabled: false, appium:desired: {appActivity: com.example.babylon_nexus.M..., appPackage: com.example.babylon_nexus, automationName: UiAutomator2, deviceName: Android Device, noReset: true, platformName: ANDROID, udid: 2b2935095b3f7ece}, appium:deviceApiLevel: 29, appium:deviceManufacturer: samsung, appium:deviceModel: SM-N960F, appium:deviceName: 2b2935095b3f7ece, appium:deviceScreenDensity: 420, appium:deviceScreenSize: 1080x2220, appium:deviceUDID: 2b2935095b3f7ece, appium:javascriptEnabled: true, appium:locationContextEnabled: false, appium:networkConnectionEnabled: true, appium:noReset: true, appium:pixelRatio: 2.625, appium:platformVersion: 10, appium:statBarHeight: 63, appium:takesScreenshot: true, appium:udid: 2b2935095b3f7ece, appium:viewportRect: {height: 2157, left: 0, top: 63, width: 1080}, appium:warnings: {}, appium:webStorageEnabled: false, platformName: ANDROID}
Session ID: 0a7739ed-dbfd-4b6d-a336-dd8bb93fc005
at org.openqa.selenium.remote.ErrorCodec.decode(ErrorCodec.java:167)
at org.openqa.selenium.remote.codec.w3c.W3CHttpResponseCodec.decode(W3CHttpResponseCodec.java:138)
at org.openqa.selenium.remote.codec.w3c.W3CHttpResponseCodec.decode(W3CHttpResponseCodec.java:50)
at org.openqa.selenium.remote.HttpCommandExecutor.execute(HttpCommandExecutor.java:215)
at io.appium.java_client.remote.AppiumCommandExecutor.execute(AppiumCommandExecutor.java:243)
at org.openqa.selenium.remote.RemoteWebDriver.execute(RemoteWebDriver.java:545)
at org.openqa.selenium.remote.ElementLocation$ElementFinder$2.findElement(ElementLocation.java:165)
at org.openqa.selenium.remote.ElementLocation.findElement(ElementLocation.java:59)
at org.openqa.selenium.remote.RemoteWebDriver.findElement(RemoteWebDriver.java:368)
at org.openqa.selenium.remote.RemoteWebDriver.findElement(RemoteWebDriver.java:362)
at org.openqa.selenium.support.ui.ExpectedConditions$7.apply(ExpectedConditions.java:194)
at org.openqa.selenium.support.ui.ExpectedConditions$7.apply(ExpectedConditions.java:190)
at org.openqa.selenium.support.ui.FluentWait.until(FluentWait.java:203)
at automation.common.CommonBase.getElementVisibility(CommonBase.java:49)
at automation.common.CommonBase.clickToElement(CommonBase.java:59)
at automation.screenLocators.SignupScreen.SignUpEmail(SignupScreen.java:34)
at automation.testsuite.TestSignUp.signUpSuccessfullySpecialCharacterFullName_2(TestSignUp.java:106)
at java.base/java.util.ArrayList.forEach(ArrayList.java:1596)
... Removed 28 stack frames]]>
    </failure>
  </testcase> <!-- signUpSuccessfullySpecialCharacterFullName_2 -->
  <testcase classname="automation.testsuite.TestSignUp" name="signUp_emtyEmail" time="18.516"/>
  <testcase classname="automation.testsuite.TestSignUp" name="signUp_emtyEmailBySpace" time="18.44"/>
  <testcase classname="automation.testsuite.TestSignUp" name="signUp_InvalidEmail_1" time="16.234">
    <failure type="org.openqa.selenium.WebDriverException" message="An unknown server-side error occurred while processing the command. Original error: &amp;apos;POST /element&amp;apos; cannot be proxied to UiAutomator2 server because the instrumentation process is not running (probably crashed). Check the server log and/or the logcat output for more details
Build info: version: &amp;apos;4.31.0&amp;apos;, revision: &amp;apos;1ef9f18787*&amp;apos;
System info: os.name: &amp;apos;Windows 10&amp;apos;, os.arch: &amp;apos;amd64&amp;apos;, os.version: &amp;apos;10.0&amp;apos;, java.version: &amp;apos;21.0.6&amp;apos;
Driver info: io.appium.java_client.android.AndroidDriver
Command: [e9e6b17a-e5d4-4f8c-bd7b-9d2b41116eca, findElement {value=//android.view.View[@content-desc=&amp;quot;Email is invalid.&amp;quot;], using=xpath}]
Capabilities {appium:appActivity: com.example.babylon_nexus.M..., appium:appPackage: com.example.babylon_nexus, appium:automationName: UiAutomator2, appium:databaseEnabled: false, appium:desired: {appActivity: com.example.babylon_nexus.M..., appPackage: com.example.babylon_nexus, automationName: UiAutomator2, deviceName: Android Device, noReset: true, platformName: ANDROID, udid: 2b2935095b3f7ece}, appium:deviceApiLevel: 29, appium:deviceManufacturer: samsung, appium:deviceModel: SM-N960F, appium:deviceName: 2b2935095b3f7ece, appium:deviceScreenDensity: 420, appium:deviceScreenSize: 1080x2220, appium:deviceUDID: 2b2935095b3f7ece, appium:javascriptEnabled: true, appium:locationContextEnabled: false, appium:networkConnectionEnabled: true, appium:noReset: true, appium:pixelRatio: 2.625, appium:platformVersion: 10, appium:statBarHeight: 63, appium:takesScreenshot: true, appium:udid: 2b2935095b3f7ece, appium:viewportRect: {height: 2157, left: 0, top: 63, width: 1080}, appium:warnings: {}, appium:webStorageEnabled: false, platformName: ANDROID}
Session ID: e9e6b17a-e5d4-4f8c-bd7b-9d2b41116eca">
      <![CDATA[org.openqa.selenium.WebDriverException: An unknown server-side error occurred while processing the command. Original error: 'POST /element' cannot be proxied to UiAutomator2 server because the instrumentation process is not running (probably crashed). Check the server log and/or the logcat output for more details
Build info: version: '4.31.0', revision: '1ef9f18787*'
System info: os.name: 'Windows 10', os.arch: 'amd64', os.version: '10.0', java.version: '21.0.6'
Driver info: io.appium.java_client.android.AndroidDriver
Command: [e9e6b17a-e5d4-4f8c-bd7b-9d2b41116eca, findElement {value=//android.view.View[@content-desc="Email is invalid."], using=xpath}]
Capabilities {appium:appActivity: com.example.babylon_nexus.M..., appium:appPackage: com.example.babylon_nexus, appium:automationName: UiAutomator2, appium:databaseEnabled: false, appium:desired: {appActivity: com.example.babylon_nexus.M..., appPackage: com.example.babylon_nexus, automationName: UiAutomator2, deviceName: Android Device, noReset: true, platformName: ANDROID, udid: 2b2935095b3f7ece}, appium:deviceApiLevel: 29, appium:deviceManufacturer: samsung, appium:deviceModel: SM-N960F, appium:deviceName: 2b2935095b3f7ece, appium:deviceScreenDensity: 420, appium:deviceScreenSize: 1080x2220, appium:deviceUDID: 2b2935095b3f7ece, appium:javascriptEnabled: true, appium:locationContextEnabled: false, appium:networkConnectionEnabled: true, appium:noReset: true, appium:pixelRatio: 2.625, appium:platformVersion: 10, appium:statBarHeight: 63, appium:takesScreenshot: true, appium:udid: 2b2935095b3f7ece, appium:viewportRect: {height: 2157, left: 0, top: 63, width: 1080}, appium:warnings: {}, appium:webStorageEnabled: false, platformName: ANDROID}
Session ID: e9e6b17a-e5d4-4f8c-bd7b-9d2b41116eca
at org.openqa.selenium.remote.ErrorCodec.decode(ErrorCodec.java:167)
at org.openqa.selenium.remote.codec.w3c.W3CHttpResponseCodec.decode(W3CHttpResponseCodec.java:138)
at org.openqa.selenium.remote.codec.w3c.W3CHttpResponseCodec.decode(W3CHttpResponseCodec.java:50)
at org.openqa.selenium.remote.HttpCommandExecutor.execute(HttpCommandExecutor.java:215)
at io.appium.java_client.remote.AppiumCommandExecutor.execute(AppiumCommandExecutor.java:243)
at org.openqa.selenium.remote.RemoteWebDriver.execute(RemoteWebDriver.java:545)
at org.openqa.selenium.remote.ElementLocation$ElementFinder$2.findElement(ElementLocation.java:165)
at org.openqa.selenium.remote.ElementLocation.findElement(ElementLocation.java:59)
at org.openqa.selenium.remote.RemoteWebDriver.findElement(RemoteWebDriver.java:368)
at org.openqa.selenium.remote.RemoteWebDriver.findElement(RemoteWebDriver.java:362)
at org.openqa.selenium.support.ui.ExpectedConditions$7.apply(ExpectedConditions.java:194)
at org.openqa.selenium.support.ui.ExpectedConditions$7.apply(ExpectedConditions.java:190)
at org.openqa.selenium.support.ui.FluentWait.until(FluentWait.java:203)
at automation.common.CommonBase.getElementVisibility(CommonBase.java:49)
at automation.common.CommonBase.verifyIsDisplay(CommonBase.java:114)
at automation.testsuite.TestSignUp.signUp_InvalidEmail_1(TestSignUp.java:143)
at java.base/java.util.ArrayList.forEach(ArrayList.java:1596)
... Removed 28 stack frames]]>
    </failure>
  </testcase> <!-- signUp_InvalidEmail_1 -->
  <testcase classname="automation.testsuite.TestSignUp" name="signUp_InvalidEmail_2" time="18.633"/>
  <testcase classname="automation.testsuite.TestSignUp" name="signUp_InvalidEmail_3" time="18.265"/>
  <testcase classname="automation.testsuite.TestSignUp" name="signUp_InvalidEmail_4" time="15.584">
    <failure type="org.openqa.selenium.WebDriverException" message="An unknown server-side error occurred while processing the command. Original error: &amp;apos;POST /element&amp;apos; cannot be proxied to UiAutomator2 server because the instrumentation process is not running (probably crashed). Check the server log and/or the logcat output for more details
Build info: version: &amp;apos;4.31.0&amp;apos;, revision: &amp;apos;1ef9f18787*&amp;apos;
System info: os.name: &amp;apos;Windows 10&amp;apos;, os.arch: &amp;apos;amd64&amp;apos;, os.version: &amp;apos;10.0&amp;apos;, java.version: &amp;apos;21.0.6&amp;apos;
Driver info: io.appium.java_client.android.AndroidDriver
Command: [89d85cc1-1b85-4bb3-9dfb-5e7d0ec9768b, findElement {value=//android.view.View[@content-desc=&amp;quot;Email is invalid.&amp;quot;], using=xpath}]
Capabilities {appium:appActivity: com.example.babylon_nexus.M..., appium:appPackage: com.example.babylon_nexus, appium:automationName: UiAutomator2, appium:databaseEnabled: false, appium:desired: {appActivity: com.example.babylon_nexus.M..., appPackage: com.example.babylon_nexus, automationName: UiAutomator2, deviceName: Android Device, noReset: true, platformName: ANDROID, udid: 2b2935095b3f7ece}, appium:deviceApiLevel: 29, appium:deviceManufacturer: samsung, appium:deviceModel: SM-N960F, appium:deviceName: 2b2935095b3f7ece, appium:deviceScreenDensity: 420, appium:deviceScreenSize: 1080x2220, appium:deviceUDID: 2b2935095b3f7ece, appium:javascriptEnabled: true, appium:locationContextEnabled: false, appium:networkConnectionEnabled: true, appium:noReset: true, appium:pixelRatio: 2.625, appium:platformVersion: 10, appium:statBarHeight: 63, appium:takesScreenshot: true, appium:udid: 2b2935095b3f7ece, appium:viewportRect: {height: 2157, left: 0, top: 63, width: 1080}, appium:warnings: {}, appium:webStorageEnabled: false, platformName: ANDROID}
Session ID: 89d85cc1-1b85-4bb3-9dfb-5e7d0ec9768b">
      <![CDATA[org.openqa.selenium.WebDriverException: An unknown server-side error occurred while processing the command. Original error: 'POST /element' cannot be proxied to UiAutomator2 server because the instrumentation process is not running (probably crashed). Check the server log and/or the logcat output for more details
Build info: version: '4.31.0', revision: '1ef9f18787*'
System info: os.name: 'Windows 10', os.arch: 'amd64', os.version: '10.0', java.version: '21.0.6'
Driver info: io.appium.java_client.android.AndroidDriver
Command: [89d85cc1-1b85-4bb3-9dfb-5e7d0ec9768b, findElement {value=//android.view.View[@content-desc="Email is invalid."], using=xpath}]
Capabilities {appium:appActivity: com.example.babylon_nexus.M..., appium:appPackage: com.example.babylon_nexus, appium:automationName: UiAutomator2, appium:databaseEnabled: false, appium:desired: {appActivity: com.example.babylon_nexus.M..., appPackage: com.example.babylon_nexus, automationName: UiAutomator2, deviceName: Android Device, noReset: true, platformName: ANDROID, udid: 2b2935095b3f7ece}, appium:deviceApiLevel: 29, appium:deviceManufacturer: samsung, appium:deviceModel: SM-N960F, appium:deviceName: 2b2935095b3f7ece, appium:deviceScreenDensity: 420, appium:deviceScreenSize: 1080x2220, appium:deviceUDID: 2b2935095b3f7ece, appium:javascriptEnabled: true, appium:locationContextEnabled: false, appium:networkConnectionEnabled: true, appium:noReset: true, appium:pixelRatio: 2.625, appium:platformVersion: 10, appium:statBarHeight: 63, appium:takesScreenshot: true, appium:udid: 2b2935095b3f7ece, appium:viewportRect: {height: 2157, left: 0, top: 63, width: 1080}, appium:warnings: {}, appium:webStorageEnabled: false, platformName: ANDROID}
Session ID: 89d85cc1-1b85-4bb3-9dfb-5e7d0ec9768b
at org.openqa.selenium.remote.ErrorCodec.decode(ErrorCodec.java:167)
at org.openqa.selenium.remote.codec.w3c.W3CHttpResponseCodec.decode(W3CHttpResponseCodec.java:138)
at org.openqa.selenium.remote.codec.w3c.W3CHttpResponseCodec.decode(W3CHttpResponseCodec.java:50)
at org.openqa.selenium.remote.HttpCommandExecutor.execute(HttpCommandExecutor.java:215)
at io.appium.java_client.remote.AppiumCommandExecutor.execute(AppiumCommandExecutor.java:243)
at org.openqa.selenium.remote.RemoteWebDriver.execute(RemoteWebDriver.java:545)
at org.openqa.selenium.remote.ElementLocation$ElementFinder$2.findElement(ElementLocation.java:165)
at org.openqa.selenium.remote.ElementLocation.findElement(ElementLocation.java:59)
at org.openqa.selenium.remote.RemoteWebDriver.findElement(RemoteWebDriver.java:368)
at org.openqa.selenium.remote.RemoteWebDriver.findElement(RemoteWebDriver.java:362)
at org.openqa.selenium.support.ui.ExpectedConditions$7.apply(ExpectedConditions.java:194)
at org.openqa.selenium.support.ui.ExpectedConditions$7.apply(ExpectedConditions.java:190)
at org.openqa.selenium.support.ui.FluentWait.until(FluentWait.java:203)
at automation.common.CommonBase.getElementVisibility(CommonBase.java:49)
at automation.common.CommonBase.verifyIsDisplay(CommonBase.java:114)
at automation.testsuite.TestSignUp.signUp_InvalidEmail_4(TestSignUp.java:176)
at java.base/java.util.ArrayList.forEach(ArrayList.java:1596)
... Removed 28 stack frames]]>
    </failure>
  </testcase> <!-- signUp_InvalidEmail_4 -->
  <testcase classname="automation.testsuite.TestSignUp" name="signUp_InvalidEmail_5" time="17.853"/>
  <testcase classname="automation.testsuite.TestSignUp" name="loginAfterSigningUp" time="19.566">
    <failure type="org.openqa.selenium.WebDriverException" message="An unknown server-side error occurred while processing the command. Original error: &amp;apos;POST /element&amp;apos; cannot be proxied to UiAutomator2 server because the instrumentation process is not running (probably crashed). Check the server log and/or the logcat output for more details
Build info: version: &amp;apos;4.31.0&amp;apos;, revision: &amp;apos;1ef9f18787*&amp;apos;
System info: os.name: &amp;apos;Windows 10&amp;apos;, os.arch: &amp;apos;amd64&amp;apos;, os.version: &amp;apos;10.0&amp;apos;, java.version: &amp;apos;21.0.6&amp;apos;
Driver info: io.appium.java_client.android.AndroidDriver
Command: [81c5cba7-de59-4998-b0a0-5181d34aa944, findElement {value=//android.widget.Button[@content-desc=&amp;quot;Login&amp;quot;], using=xpath}]
Capabilities {appium:appActivity: com.example.babylon_nexus.M..., appium:appPackage: com.example.babylon_nexus, appium:automationName: UiAutomator2, appium:databaseEnabled: false, appium:desired: {appActivity: com.example.babylon_nexus.M..., appPackage: com.example.babylon_nexus, automationName: UiAutomator2, deviceName: Android Device, noReset: true, platformName: ANDROID, udid: 2b2935095b3f7ece}, appium:deviceApiLevel: 29, appium:deviceManufacturer: samsung, appium:deviceModel: SM-N960F, appium:deviceName: 2b2935095b3f7ece, appium:deviceScreenDensity: 420, appium:deviceScreenSize: 1080x2220, appium:deviceUDID: 2b2935095b3f7ece, appium:javascriptEnabled: true, appium:locationContextEnabled: false, appium:networkConnectionEnabled: true, appium:noReset: true, appium:pixelRatio: 2.625, appium:platformVersion: 10, appium:statBarHeight: 63, appium:takesScreenshot: true, appium:udid: 2b2935095b3f7ece, appium:viewportRect: {height: 2157, left: 0, top: 63, width: 1080}, appium:warnings: {}, appium:webStorageEnabled: false, platformName: ANDROID}
Session ID: 81c5cba7-de59-4998-b0a0-5181d34aa944">
      <![CDATA[org.openqa.selenium.WebDriverException: An unknown server-side error occurred while processing the command. Original error: 'POST /element' cannot be proxied to UiAutomator2 server because the instrumentation process is not running (probably crashed). Check the server log and/or the logcat output for more details
Build info: version: '4.31.0', revision: '1ef9f18787*'
System info: os.name: 'Windows 10', os.arch: 'amd64', os.version: '10.0', java.version: '21.0.6'
Driver info: io.appium.java_client.android.AndroidDriver
Command: [81c5cba7-de59-4998-b0a0-5181d34aa944, findElement {value=//android.widget.Button[@content-desc="Login"], using=xpath}]
Capabilities {appium:appActivity: com.example.babylon_nexus.M..., appium:appPackage: com.example.babylon_nexus, appium:automationName: UiAutomator2, appium:databaseEnabled: false, appium:desired: {appActivity: com.example.babylon_nexus.M..., appPackage: com.example.babylon_nexus, automationName: UiAutomator2, deviceName: Android Device, noReset: true, platformName: ANDROID, udid: 2b2935095b3f7ece}, appium:deviceApiLevel: 29, appium:deviceManufacturer: samsung, appium:deviceModel: SM-N960F, appium:deviceName: 2b2935095b3f7ece, appium:deviceScreenDensity: 420, appium:deviceScreenSize: 1080x2220, appium:deviceUDID: 2b2935095b3f7ece, appium:javascriptEnabled: true, appium:locationContextEnabled: false, appium:networkConnectionEnabled: true, appium:noReset: true, appium:pixelRatio: 2.625, appium:platformVersion: 10, appium:statBarHeight: 63, appium:takesScreenshot: true, appium:udid: 2b2935095b3f7ece, appium:viewportRect: {height: 2157, left: 0, top: 63, width: 1080}, appium:warnings: {}, appium:webStorageEnabled: false, platformName: ANDROID}
Session ID: 81c5cba7-de59-4998-b0a0-5181d34aa944
at org.openqa.selenium.remote.ErrorCodec.decode(ErrorCodec.java:167)
at org.openqa.selenium.remote.codec.w3c.W3CHttpResponseCodec.decode(W3CHttpResponseCodec.java:138)
at org.openqa.selenium.remote.codec.w3c.W3CHttpResponseCodec.decode(W3CHttpResponseCodec.java:50)
at org.openqa.selenium.remote.HttpCommandExecutor.execute(HttpCommandExecutor.java:215)
at io.appium.java_client.remote.AppiumCommandExecutor.execute(AppiumCommandExecutor.java:243)
at org.openqa.selenium.remote.RemoteWebDriver.execute(RemoteWebDriver.java:545)
at org.openqa.selenium.remote.ElementLocation$ElementFinder$2.findElement(ElementLocation.java:165)
at org.openqa.selenium.remote.ElementLocation.findElement(ElementLocation.java:59)
at org.openqa.selenium.remote.RemoteWebDriver.findElement(RemoteWebDriver.java:368)
at org.openqa.selenium.remote.RemoteWebDriver.findElement(RemoteWebDriver.java:362)
at org.openqa.selenium.support.ui.ExpectedConditions$7.apply(ExpectedConditions.java:194)
at org.openqa.selenium.support.ui.ExpectedConditions$7.apply(ExpectedConditions.java:190)
at org.openqa.selenium.support.ui.FluentWait.until(FluentWait.java:203)
at automation.common.CommonBase.getElementVisibility(CommonBase.java:49)
at automation.common.CommonBase.clickToElement(CommonBase.java:59)
at automation.screenLocators.SignupScreen.ClickLoginAfterSigningUP(SignupScreen.java:44)
at automation.testsuite.TestSignUp.loginAfterSigningUp(TestSignUp.java:201)
at java.base/java.util.ArrayList.forEach(ArrayList.java:1596)
... Removed 28 stack frames]]>
    </failure>
  </testcase> <!-- loginAfterSigningUp -->
</testsuite> <!-- TestProject with Android: Babylon Nexus -->
